<?xml version="1.0" encoding="UTF-8"?>
<testsuite xmlns:xsi="http://www.w3.org/2001/XMLSchema-instance" xsi:noNamespaceSchemaLocation="https://maven.apache.org/surefire/maven-surefire-plugin/xsd/surefire-test-report.xsd" version="3.0.1" name="hn.uth_202310060909.PAVII_Tarea1_CalculoAreas.AppTest" time="0.063" tests="12" errors="0" skipped="0" failures="0">
  <properties>
[...]
</properties>
  <testcase name="Prueba1CalculoAreaRectangulo" classname="hn.uth_202310060909.PAVII_Tarea1_CalculoAreas.AppTest" time="0.001">
    <system-out><![CDATA[Se acaba de ejecutar el metodo setup class
]]></system-out>
  </testcase>
  <testcase name="Prueba1CalculoAreaTriangulo" classname="hn.uth_202310060909.PAVII_Tarea1_CalculoAreas.AppTest" time="0.001"/>
  <testcase name="Prueba3CalculoAreaRectangulo" classname="hn.uth_202310060909.PAVII_Tarea1_CalculoAreas.AppTest" time="0.0"/>
  <testcase name="Prueba2CalculoAreaTriangulo" classname="hn.uth_202310060909.PAVII_Tarea1_CalculoAreas.AppTest" time="0.0"/>
  <testcase name="Prueba1CalculoAreaCirculo" classname="hn.uth_202310060909.PAVII_Tarea1_CalculoAreas.AppTest" time="0.0"/>
  <testcase name="Prueba2CalculoAreaCuadrado" classname="hn.uth_202310060909.PAVII_Tarea1_CalculoAreas.AppTest" time="0.0"/>
  <testcase name="Prueba3CalculoAreaTriangulo" classname="hn.uth_202310060909.PAVII_Tarea1_CalculoAreas.AppTest" time="0.0"/>
  <testcase name="Prueba1CalculoAreaCuadrado" classname="hn.uth_202310060909.PAVII_Tarea1_CalculoAreas.AppTest" time="0.0"/>
  <testcase name="Prueba2CalculoAreaRectangulo" classname="hn.uth_202310060909.PAVII_Tarea1_CalculoAreas.AppTest" time="0.0"/>
  <testcase name="Prueba3CalculoAreaCirculo" classname="hn.uth_202310060909.PAVII_Tarea1_CalculoAreas.AppTest" time="0.0"/>
  <testcase name="Prueba2CalculoAreaCirculo" classname="hn.uth_202310060909.PAVII_Tarea1_CalculoAreas.AppTest" time="0.0"/>
  <testcase name="Prueba3CalculoAreaCuadrado" classname="hn.uth_202310060909.PAVII_Tarea1_CalculoAreas.AppTest" time="0.0"/>
</testsuite>